<?xml version="1.0" encoding="UTF-8"?>
<testng-results ignored="0" total="2" passed="2" failed="0" skipped="0">
  <reporter-output>
  </reporter-output>
  <suite started-at="2026-03-11T17:21:45 IST" name="Surefire suite" finished-at="2026-03-11T17:21:49 IST" duration-ms="3911">
    <groups>
    </groups>
    <test started-at="2026-03-11T17:21:45 IST" name="Surefire test" finished-at="2026-03-11T17:21:49 IST" duration-ms="3911">
      <class name="files.DynamicJson">
        <test-method signature="addBook(java.lang.String,java.lang.String)[pri:0, instance:files.DynamicJson@147ed70f]" started-at="2026-03-11T17:21:45 IST" name="addBook" data-provider="BooksData" finished-at="2026-03-11T17:21:49 IST" duration-ms="3368" status="PASS">
          <params>
            <param index="0">
              <value>
                <![CDATA[IFBN1001]]>
              </value>
            </param>
            <param index="1">
              <value>
                <![CDATA[Java Automation20]]>
              </value>
            </param>
          </params>
          <reporter-output>
          </reporter-output>
        </test-method> <!-- addBook -->
        <test-method signature="addBook(java.lang.String,java.lang.String)[pri:0, instance:files.DynamicJson@147ed70f]" started-at="2026-03-11T17:21:49 IST" name="addBook" data-provider="BooksData" finished-at="2026-03-11T17:21:49 IST" duration-ms="489" status="PASS">
          <params>
            <param index="0">
              <value>
                <![CDATA[IFBN1010]]>
              </value>
            </param>
            <param index="1">
              <value>
                <![CDATA[Rust Automation20]]>
              </value>
            </param>
          </params>
          <reporter-output>
          </reporter-output>
        </test-method> <!-- addBook -->
      </class> <!-- files.DynamicJson -->
    </test> <!-- Surefire test -->
  </suite> <!-- Surefire suite -->
</testng-results>
