<?xml version="1.0" encoding="UTF-8"?>
<testsuite xmlns:xsi="http://www.w3.org/2001/XMLSchema-instance" xsi:noNamespaceSchemaLocation="https://maven.apache.org/surefire/maven-surefire-plugin/xsd/surefire-test-report-3.0.xsd" version="3.0" name="files.DynamicJson" time="4.436" tests="2" errors="0" skipped="0" failures="0">
  <properties>
[...]
</properties>
  <testcase name="addBook[IFBN1001, Java Automation20](1)" classname="files.DynamicJson" time="3.371">
    <system-out><![CDATA[Request method:	POST
Request URI:	http://216.10.245.166/Library/Addbook.php
Proxy:			<none>
Request params:	<none>
Query params:	<none>
Form params:	<none>
Path params:	<none>
Headers:		Accept=*/*
				Content-Type=application/json
Cookies:		<none>
Multiparts:		<none>
Body:
{
    "name": "Learn Appium Automation with Java",
    "isbn": "IFBN1001",
    "aisle": "Java Automation20",
    "author": "John foer"
}
HTTP/1.1 200 OK
Date: Wed, 11 Mar 2026 11:51:47 GMT
Server: Apache
Access-Control-Allow-Origin: *
Access-Control-Allow-Methods: POST
Access-Control-Max-Age: 3600
Access-Control-Allow-Headers: Content-Type, Access-Control-Allow-Headers, Authorization, X-Requested-With
Keep-Alive: timeout=5, max=100
Connection: Keep-Alive
Transfer-Encoding: chunked
Content-Type: application/json;charset=UTF-8

{
    "Msg": "successfully added",
    "ID": "IFBN1001Java Automation20"
}
ADD Response: {"Msg":"successfully added","ID":"IFBN1001Java Automation20"}
Added Book ID: IFBN1001Java Automation20
Request method:	POST
Request URI:	http://216.10.245.166/Library/DeleteBook.php
Proxy:			<none>
Request params:	<none>
Query params:	<none>
Form params:	<none>
Path params:	<none>
Headers:		Accept=*/*
				Content-Type=application/json
Cookies:		<none>
Multiparts:		<none>
Body:
{
    "ID": "IFBN1001Java Automation20"
}
HTTP/1.1 404 Not Found
Date: Wed, 11 Mar 2026 11:51:48 GMT
Server: Apache
Access-Control-Allow-Origin: *
Access-Control-Allow-Methods: POST
Access-Control-Max-Age: 3600
Access-Control-Allow-Headers: Content-Type, Access-Control-Allow-Headers, Authorization, X-Requested-With
Keep-Alive: timeout=5, max=100
Connection: Keep-Alive
Transfer-Encoding: chunked
Content-Type: application/json;charset=UTF-8

{
    "msg": "Delete Book operation failed, looks like the book doesnt exists"
}
Delete Response: {"msg":"Delete Book operation failed, looks like the book doesnt exists"}
Deleted Book ID: IFBN1001Java Automation20
]]></system-out>
    <system-err><![CDATA[SLF4J(W): No SLF4J providers were found.
SLF4J(W): Defaulting to no-operation (NOP) logger implementation
SLF4J(W): See https://www.slf4j.org/codes.html#noProviders for further details.
]]></system-err>
  </testcase>
  <testcase name="addBook[IFBN1010, Rust Automation20](2)" classname="files.DynamicJson" time="0.487">
    <system-out><![CDATA[Request method:	POST
Request URI:	http://216.10.245.166/Library/Addbook.php
Proxy:			<none>
Request params:	<none>
Query params:	<none>
Form params:	<none>
Path params:	<none>
Headers:		Accept=*/*
				Content-Type=application/json
Cookies:		<none>
Multiparts:		<none>
Body:
{
    "name": "Learn Appium Automation with Java",
    "isbn": "IFBN1010",
    "aisle": "Rust Automation20",
    "author": "John foer"
}
HTTP/1.1 200 OK
Date: Wed, 11 Mar 2026 11:51:48 GMT
Server: Apache
Access-Control-Allow-Origin: *
Access-Control-Allow-Methods: POST
Access-Control-Max-Age: 3600
Access-Control-Allow-Headers: Content-Type, Access-Control-Allow-Headers, Authorization, X-Requested-With
Keep-Alive: timeout=5, max=100
Connection: Keep-Alive
Transfer-Encoding: chunked
Content-Type: application/json;charset=UTF-8

{
    "Msg": "successfully added",
    "ID": "IFBN1010Rust Automation20"
}
ADD Response: {"Msg":"successfully added","ID":"IFBN1010Rust Automation20"}
Added Book ID: IFBN1010Rust Automation20
Request method:	POST
Request URI:	http://216.10.245.166/Library/DeleteBook.php
Proxy:			<none>
Request params:	<none>
Query params:	<none>
Form params:	<none>
Path params:	<none>
Headers:		Accept=*/*
				Content-Type=application/json
Cookies:		<none>
Multiparts:		<none>
Body:
{
    "ID": "IFBN1010Rust Automation20"
}
HTTP/1.1 404 Not Found
Date: Wed, 11 Mar 2026 11:51:48 GMT
Server: Apache
Access-Control-Allow-Origin: *
Access-Control-Allow-Methods: POST
Access-Control-Max-Age: 3600
Access-Control-Allow-Headers: Content-Type, Access-Control-Allow-Headers, Authorization, X-Requested-With
Keep-Alive: timeout=5, max=100
Connection: Keep-Alive
Transfer-Encoding: chunked
Content-Type: application/json;charset=UTF-8

{
    "msg": "Delete Book operation failed, looks like the book doesnt exists"
}
Delete Response: {"msg":"Delete Book operation failed, looks like the book doesnt exists"}
Deleted Book ID: IFBN1010Rust Automation20
]]></system-out>
  </testcase>
</testsuite>