<?xml version="1.0" encoding="UTF-8"?>
<testng-results ignored="0" total="1" passed="1" failed="0" skipped="0">
  <reporter-output>
  </reporter-output>
  <suite started-at="2026-03-10T16:24:25 IST" name="Default suite" finished-at="2026-03-10T16:24:27 IST" duration-ms="1969">
    <groups>
    </groups>
    <test started-at="2026-03-10T16:24:25 IST" name="Default test" finished-at="2026-03-10T16:24:27 IST" duration-ms="1969">
      <class name="default2.SumValidation">
        <test-method signature="sumValidation()[pri:0, instance:default2.SumValidation@223191a6]" started-at="2026-03-10T16:24:25 IST" name="sumValidation" finished-at="2026-03-10T16:24:27 IST" duration-ms="1901" status="PASS">
          <reporter-output>
          </reporter-output>
        </test-method> <!-- sumValidation -->
      </class> <!-- default2.SumValidation -->
    </test> <!-- Default test -->
  </suite> <!-- Default suite -->
</testng-results>
